{"/Users/chenwei/Documents/workspace/yon/connect-ioredis/index.js":{"path":"/Users/chenwei/Documents/workspace/yon/connect-ioredis/index.js","s":{"1":1},"b":{},"f":{},"fnMap":{},"statementMap":{"1":{"start":{"line":1,"column":0},"end":{"line":1,"column":50}}},"branchMap":{}},"/Users/chenwei/Documents/workspace/yon/connect-ioredis/lib/connect-ioredis.js":{"path":"/Users/chenwei/Documents/workspace/yon/connect-ioredis/lib/connect-ioredis.js","s":{"1":1,"2":1,"3":1,"4":1,"5":1,"6":1,"7":2,"8":2,"9":1,"10":1,"11":1,"12":3,"13":1,"14":2,"15":2,"16":2,"17":2,"18":2,"19":2,"20":2,"21":0,"22":2,"23":0,"24":2,"25":0,"26":2,"27":0,"28":2,"29":0,"30":2,"31":2,"32":2,"33":2,"34":0,"35":0,"36":0,"37":0,"38":2,"39":0,"40":0,"41":0,"42":2,"43":2,"44":2,"45":0,"46":2,"47":0,"48":0,"49":0,"50":0,"51":0,"52":2,"53":0,"54":0,"55":2,"56":1,"57":1,"58":1,"59":1,"60":1,"61":1,"62":0,"63":1,"64":1,"65":1,"66":0,"67":1,"68":0,"69":1,"70":1,"71":1,"72":1,"73":1,"74":0,"75":1,"76":1,"77":2,"78":2,"79":2,"80":0,"81":2,"82":2,"83":0,"84":2,"85":2,"86":2,"87":2,"88":2,"89":0,"90":2,"91":2,"92":0,"93":2,"94":2,"95":1,"96":1,"97":1,"98":1,"99":1,"100":0,"101":0,"102":0,"103":0,"104":0,"105":0,"106":0,"107":0,"108":0,"109":0,"110":0,"111":0,"112":0,"113":1},"b":{"1":[2,2],"2":[1,1],"3":[1,2],"4":[2,1],"5":[2,0],"6":[2,2],"7":[0,2],"8":[0,2],"9":[0,2],"10":[0,2],"11":[0,2],"12":[0,0],"13":[0,2],"14":[0,0],"15":[0,2],"16":[0,0],"17":[0,2],"18":[0,2],"19":[0,0],"20":[0,1],"21":[0,1],"22":[0,1],"23":[0,2],"24":[2,0],"25":[0,2],"26":[0,0],"27":[0,0],"28":[0,0]},"f":{"1":0,"2":2,"3":1,"4":3,"5":0,"6":0,"7":0,"8":0,"9":1,"10":1,"11":1,"12":2,"13":2,"14":1,"15":0,"16":0},"fnMap":{"1":{"name":"(anonymous_1)","line":10,"loc":{"start":{"line":10,"column":11},"end":{"line":10,"column":21}}},"2":{"name":"getTTL","line":18,"loc":{"start":{"line":18,"column":0},"end":{"line":18,"column":29}}},"3":{"name":"(anonymous_3)","line":33,"loc":{"start":{"line":33,"column":17},"end":{"line":33,"column":36}}},"4":{"name":"RedisStore","line":48,"loc":{"start":{"line":48,"column":2},"end":{"line":48,"column":32}}},"5":{"name":"(anonymous_5)","line":94,"loc":{"start":{"line":94,"column":28},"end":{"line":94,"column":43}}},"6":{"name":"(anonymous_6)","line":102,"loc":{"start":{"line":102,"column":37},"end":{"line":102,"column":52}}},"7":{"name":"(anonymous_7)","line":120,"loc":{"start":{"line":120,"column":32},"end":{"line":120,"column":44}}},"8":{"name":"(anonymous_8)","line":125,"loc":{"start":{"line":125,"column":28},"end":{"line":125,"column":42}}},"9":{"name":"(anonymous_9)","line":130,"loc":{"start":{"line":130,"column":30},"end":{"line":130,"column":42}}},"10":{"name":"(anonymous_10)","line":149,"loc":{"start":{"line":149,"column":29},"end":{"line":149,"column":48}}},"11":{"name":"(anonymous_11)","line":155,"loc":{"start":{"line":155,"column":27},"end":{"line":155,"column":47}}},"12":{"name":"(anonymous_12)","line":182,"loc":{"start":{"line":182,"column":29},"end":{"line":182,"column":54}}},"13":{"name":"(anonymous_13)","line":204,"loc":{"start":{"line":204,"column":27},"end":{"line":204,"column":41}}},"14":{"name":"(anonymous_14)","line":218,"loc":{"start":{"line":218,"column":33},"end":{"line":218,"column":52}}},"15":{"name":"(anonymous_15)","line":233,"loc":{"start":{"line":233,"column":31},"end":{"line":233,"column":56}}},"16":{"name":"(anonymous_16)","line":242,"loc":{"start":{"line":242,"column":35},"end":{"line":242,"column":49}}}},"statementMap":{"1":{"start":{"line":7,"column":0},"end":{"line":7,"column":48}},"2":{"start":{"line":8,"column":0},"end":{"line":8,"column":31}},"3":{"start":{"line":9,"column":0},"end":{"line":9,"column":27}},"4":{"start":{"line":10,"column":0},"end":{"line":10,"column":24}},"5":{"start":{"line":16,"column":0},"end":{"line":16,"column":19}},"6":{"start":{"line":18,"column":0},"end":{"line":23,"column":1}},"7":{"start":{"line":19,"column":2},"end":{"line":19,"column":34}},"8":{"start":{"line":20,"column":2},"end":{"line":22,"column":14}},"9":{"start":{"line":33,"column":0},"end":{"line":250,"column":2}},"10":{"start":{"line":39,"column":2},"end":{"line":39,"column":28}},"11":{"start":{"line":48,"column":2},"end":{"line":133,"column":3}},"12":{"start":{"line":49,"column":4},"end":{"line":51,"column":5}},"13":{"start":{"line":50,"column":6},"end":{"line":50,"column":78}},"14":{"start":{"line":53,"column":4},"end":{"line":53,"column":20}},"15":{"start":{"line":55,"column":4},"end":{"line":55,"column":28}},"16":{"start":{"line":56,"column":4},"end":{"line":56,"column":30}},"17":{"start":{"line":57,"column":4},"end":{"line":59,"column":23}},"18":{"start":{"line":61,"column":4},"end":{"line":61,"column":26}},"19":{"start":{"line":63,"column":4},"end":{"line":63,"column":49}},"20":{"start":{"line":65,"column":4},"end":{"line":67,"column":5}},"21":{"start":{"line":66,"column":6},"end":{"line":66,"column":35}},"22":{"start":{"line":70,"column":4},"end":{"line":87,"column":5}},"23":{"start":{"line":71,"column":6},"end":{"line":71,"column":35}},"24":{"start":{"line":72,"column":11},"end":{"line":87,"column":5}},"25":{"start":{"line":73,"column":6},"end":{"line":73,"column":55}},"26":{"start":{"line":74,"column":11},"end":{"line":87,"column":5}},"27":{"start":{"line":76,"column":6},"end":{"line":76,"column":62}},"28":{"start":{"line":77,"column":11},"end":{"line":87,"column":5}},"29":{"start":{"line":79,"column":6},"end":{"line":82,"column":9}},"30":{"start":{"line":84,"column":6},"end":{"line":84,"column":27}},"31":{"start":{"line":85,"column":6},"end":{"line":85,"column":31}},"32":{"start":{"line":86,"column":6},"end":{"line":86,"column":39}},"33":{"start":{"line":90,"column":4},"end":{"line":99,"column":5}},"34":{"start":{"line":93,"column":6},"end":{"line":97,"column":7}},"35":{"start":{"line":94,"column":8},"end":{"line":96,"column":10}},"36":{"start":{"line":95,"column":10},"end":{"line":95,"column":82}},"37":{"start":{"line":98,"column":6},"end":{"line":98,"column":49}},"38":{"start":{"line":101,"column":4},"end":{"line":107,"column":5}},"39":{"start":{"line":102,"column":6},"end":{"line":106,"column":9}},"40":{"start":{"line":103,"column":8},"end":{"line":105,"column":9}},"41":{"start":{"line":104,"column":10},"end":{"line":104,"column":20}},"42":{"start":{"line":109,"column":4},"end":{"line":109,"column":27}},"43":{"start":{"line":110,"column":4},"end":{"line":110,"column":41}},"44":{"start":{"line":112,"column":4},"end":{"line":112,"column":43}},"45":{"start":{"line":112,"column":23},"end":{"line":112,"column":43}},"46":{"start":{"line":114,"column":4},"end":{"line":123,"column":5}},"47":{"start":{"line":115,"column":6},"end":{"line":117,"column":7}},"48":{"start":{"line":116,"column":8},"end":{"line":116,"column":85}},"49":{"start":{"line":119,"column":6},"end":{"line":119,"column":37}},"50":{"start":{"line":120,"column":6},"end":{"line":122,"column":9}},"51":{"start":{"line":121,"column":8},"end":{"line":121,"column":39}},"52":{"start":{"line":125,"column":4},"end":{"line":128,"column":7}},"53":{"start":{"line":126,"column":6},"end":{"line":126,"column":38}},"54":{"start":{"line":127,"column":6},"end":{"line":127,"column":34}},"55":{"start":{"line":130,"column":4},"end":{"line":132,"column":7}},"56":{"start":{"line":131,"column":6},"end":{"line":131,"column":27}},"57":{"start":{"line":139,"column":2},"end":{"line":139,"column":35}},"58":{"start":{"line":149,"column":2},"end":{"line":171,"column":4}},"59":{"start":{"line":150,"column":4},"end":{"line":150,"column":21}},"60":{"start":{"line":151,"column":4},"end":{"line":151,"column":34}},"61":{"start":{"line":152,"column":4},"end":{"line":152,"column":23}},"62":{"start":{"line":152,"column":13},"end":{"line":152,"column":23}},"63":{"start":{"line":153,"column":4},"end":{"line":153,"column":27}},"64":{"start":{"line":155,"column":4},"end":{"line":170,"column":7}},"65":{"start":{"line":156,"column":6},"end":{"line":156,"column":28}},"66":{"start":{"line":156,"column":14},"end":{"line":156,"column":28}},"67":{"start":{"line":157,"column":6},"end":{"line":157,"column":29}},"68":{"start":{"line":157,"column":17},"end":{"line":157,"column":29}},"69":{"start":{"line":159,"column":6},"end":{"line":159,"column":17}},"70":{"start":{"line":160,"column":6},"end":{"line":160,"column":29}},"71":{"start":{"line":161,"column":6},"end":{"line":161,"column":28}},"72":{"start":{"line":163,"column":6},"end":{"line":168,"column":7}},"73":{"start":{"line":164,"column":8},"end":{"line":164,"column":46}},"74":{"start":{"line":167,"column":8},"end":{"line":167,"column":22}},"75":{"start":{"line":169,"column":6},"end":{"line":169,"column":30}},"76":{"start":{"line":182,"column":2},"end":{"line":209,"column":4}},"77":{"start":{"line":183,"column":4},"end":{"line":183,"column":21}},"78":{"start":{"line":184,"column":4},"end":{"line":184,"column":36}},"79":{"start":{"line":185,"column":4},"end":{"line":185,"column":23}},"80":{"start":{"line":185,"column":13},"end":{"line":185,"column":23}},"81":{"start":{"line":187,"column":4},"end":{"line":192,"column":5}},"82":{"start":{"line":188,"column":6},"end":{"line":188,"column":51}},"83":{"start":{"line":191,"column":6},"end":{"line":191,"column":20}},"84":{"start":{"line":194,"column":4},"end":{"line":194,"column":21}},"85":{"start":{"line":196,"column":4},"end":{"line":202,"column":5}},"86":{"start":{"line":197,"column":6},"end":{"line":197,"column":36}},"87":{"start":{"line":198,"column":6},"end":{"line":198,"column":27}},"88":{"start":{"line":199,"column":6},"end":{"line":199,"column":51}},"89":{"start":{"line":201,"column":6},"end":{"line":201,"column":39}},"90":{"start":{"line":204,"column":4},"end":{"line":208,"column":7}},"91":{"start":{"line":205,"column":6},"end":{"line":205,"column":28}},"92":{"start":{"line":205,"column":14},"end":{"line":205,"column":28}},"93":{"start":{"line":206,"column":6},"end":{"line":206,"column":28}},"94":{"start":{"line":207,"column":6},"end":{"line":207,"column":32}},"95":{"start":{"line":218,"column":2},"end":{"line":222,"column":4}},"96":{"start":{"line":219,"column":4},"end":{"line":219,"column":28}},"97":{"start":{"line":220,"column":4},"end":{"line":220,"column":27}},"98":{"start":{"line":221,"column":4},"end":{"line":221,"column":29}},"99":{"start":{"line":233,"column":2},"end":{"line":247,"column":4}},"100":{"start":{"line":234,"column":4},"end":{"line":234,"column":21}},"101":{"start":{"line":235,"column":4},"end":{"line":235,"column":34}},"102":{"start":{"line":236,"column":4},"end":{"line":236,"column":23}},"103":{"start":{"line":236,"column":13},"end":{"line":236,"column":23}},"104":{"start":{"line":237,"column":4},"end":{"line":237,"column":38}},"105":{"start":{"line":237,"column":26},"end":{"line":237,"column":38}},"106":{"start":{"line":239,"column":4},"end":{"line":239,"column":34}},"107":{"start":{"line":241,"column":4},"end":{"line":241,"column":42}},"108":{"start":{"line":242,"column":4},"end":{"line":246,"column":7}},"109":{"start":{"line":243,"column":6},"end":{"line":243,"column":28}},"110":{"start":{"line":243,"column":14},"end":{"line":243,"column":28}},"111":{"start":{"line":244,"column":6},"end":{"line":244,"column":31}},"112":{"start":{"line":245,"column":6},"end":{"line":245,"column":32}},"113":{"start":{"line":249,"column":2},"end":{"line":249,"column":20}}},"branchMap":{"1":{"line":20,"type":"binary-expr","locations":[{"start":{"line":20,"column":9},"end":{"line":20,"column":18}},{"start":{"line":20,"column":23},"end":{"line":22,"column":12}}]},"2":{"line":20,"type":"cond-expr","locations":[{"start":{"line":21,"column":6},"end":{"line":21,"column":31}},{"start":{"line":22,"column":6},"end":{"line":22,"column":12}}]},"3":{"line":49,"type":"if","locations":[{"start":{"line":49,"column":4},"end":{"line":49,"column":4}},{"start":{"line":49,"column":4},"end":{"line":49,"column":4}}]},"4":{"line":55,"type":"binary-expr","locations":[{"start":{"line":55,"column":14},"end":{"line":55,"column":21}},{"start":{"line":55,"column":25},"end":{"line":55,"column":27}}]},"5":{"line":57,"type":"cond-expr","locations":[{"start":{"line":58,"column":8},"end":{"line":58,"column":15}},{"start":{"line":59,"column":8},"end":{"line":59,"column":22}}]},"6":{"line":63,"type":"binary-expr","locations":[{"start":{"line":63,"column":22},"end":{"line":63,"column":40}},{"start":{"line":63,"column":44},"end":{"line":63,"column":48}}]},"7":{"line":65,"type":"if","locations":[{"start":{"line":65,"column":4},"end":{"line":65,"column":4}},{"start":{"line":65,"column":4},"end":{"line":65,"column":4}}]},"8":{"line":70,"type":"if","locations":[{"start":{"line":70,"column":4},"end":{"line":70,"column":4}},{"start":{"line":70,"column":4},"end":{"line":70,"column":4}}]},"9":{"line":72,"type":"if","locations":[{"start":{"line":72,"column":11},"end":{"line":72,"column":11}},{"start":{"line":72,"column":11},"end":{"line":72,"column":11}}]},"10":{"line":74,"type":"if","locations":[{"start":{"line":74,"column":11},"end":{"line":74,"column":11}},{"start":{"line":74,"column":11},"end":{"line":74,"column":11}}]},"11":{"line":77,"type":"if","locations":[{"start":{"line":77,"column":11},"end":{"line":77,"column":11}},{"start":{"line":77,"column":11},"end":{"line":77,"column":11}}]},"12":{"line":81,"type":"binary-expr","locations":[{"start":{"line":81,"column":14},"end":{"line":81,"column":26}},{"start":{"line":81,"column":30},"end":{"line":81,"column":40}}]},"13":{"line":90,"type":"if","locations":[{"start":{"line":90,"column":4},"end":{"line":90,"column":4}},{"start":{"line":90,"column":4},"end":{"line":90,"column":4}}]},"14":{"line":93,"type":"if","locations":[{"start":{"line":93,"column":6},"end":{"line":93,"column":6}},{"start":{"line":93,"column":6},"end":{"line":93,"column":6}}]},"15":{"line":101,"type":"if","locations":[{"start":{"line":101,"column":4},"end":{"line":101,"column":4}},{"start":{"line":101,"column":4},"end":{"line":101,"column":4}}]},"16":{"line":103,"type":"if","locations":[{"start":{"line":103,"column":8},"end":{"line":103,"column":8}},{"start":{"line":103,"column":8},"end":{"line":103,"column":8}}]},"17":{"line":112,"type":"if","locations":[{"start":{"line":112,"column":4},"end":{"line":112,"column":4}},{"start":{"line":112,"column":4},"end":{"line":112,"column":4}}]},"18":{"line":114,"type":"if","locations":[{"start":{"line":114,"column":4},"end":{"line":114,"column":4}},{"start":{"line":114,"column":4},"end":{"line":114,"column":4}}]},"19":{"line":115,"type":"if","locations":[{"start":{"line":115,"column":6},"end":{"line":115,"column":6}},{"start":{"line":115,"column":6},"end":{"line":115,"column":6}}]},"20":{"line":152,"type":"if","locations":[{"start":{"line":152,"column":4},"end":{"line":152,"column":4}},{"start":{"line":152,"column":4},"end":{"line":152,"column":4}}]},"21":{"line":156,"type":"if","locations":[{"start":{"line":156,"column":6},"end":{"line":156,"column":6}},{"start":{"line":156,"column":6},"end":{"line":156,"column":6}}]},"22":{"line":157,"type":"if","locations":[{"start":{"line":157,"column":6},"end":{"line":157,"column":6}},{"start":{"line":157,"column":6},"end":{"line":157,"column":6}}]},"23":{"line":185,"type":"if","locations":[{"start":{"line":185,"column":4},"end":{"line":185,"column":4}},{"start":{"line":185,"column":4},"end":{"line":185,"column":4}}]},"24":{"line":196,"type":"if","locations":[{"start":{"line":196,"column":4},"end":{"line":196,"column":4}},{"start":{"line":196,"column":4},"end":{"line":196,"column":4}}]},"25":{"line":205,"type":"if","locations":[{"start":{"line":205,"column":6},"end":{"line":205,"column":6}},{"start":{"line":205,"column":6},"end":{"line":205,"column":6}}]},"26":{"line":236,"type":"if","locations":[{"start":{"line":236,"column":4},"end":{"line":236,"column":4}},{"start":{"line":236,"column":4},"end":{"line":236,"column":4}}]},"27":{"line":237,"type":"if","locations":[{"start":{"line":237,"column":4},"end":{"line":237,"column":4}},{"start":{"line":237,"column":4},"end":{"line":237,"column":4}}]},"28":{"line":243,"type":"if","locations":[{"start":{"line":243,"column":6},"end":{"line":243,"column":6}},{"start":{"line":243,"column":6},"end":{"line":243,"column":6}}]}}}}