TN:
SF:/Users/chenwei/Documents/workspace/yon/connect-ioredis/index.js
FNF:0
FNH:0
DA:1,1
LF:1
LH:1
BRF:0
BRH:0
end_of_record
TN:
SF:/Users/chenwei/Documents/workspace/yon/connect-ioredis/lib/connect-ioredis.js
FN:10,(anonymous_1)
FN:18,getTTL
FN:33,(anonymous_3)
FN:48,RedisStore
FN:94,(anonymous_5)
FN:102,(anonymous_6)
FN:120,(anonymous_7)
FN:125,(anonymous_8)
FN:130,(anonymous_9)
FN:149,(anonymous_10)
FN:155,(anonymous_11)
FN:182,(anonymous_12)
FN:204,(anonymous_13)
FN:218,(anonymous_14)
FN:233,(anonymous_15)
FN:242,(anonymous_16)
FNF:16
FNH:9
FNDA:0,(anonymous_1)
FNDA:2,getTTL
FNDA:1,(anonymous_3)
FNDA:3,RedisStore
FNDA:0,(anonymous_5)
FNDA:0,(anonymous_6)
FNDA:0,(anonymous_7)
FNDA:0,(anonymous_8)
FNDA:1,(anonymous_9)
FNDA:1,(anonymous_10)
FNDA:1,(anonymous_11)
FNDA:2,(anonymous_12)
FNDA:2,(anonymous_13)
FNDA:1,(anonymous_14)
FNDA:0,(anonymous_15)
FNDA:0,(anonymous_16)
DA:7,1
DA:8,1
DA:9,1
DA:10,1
DA:16,1
DA:18,1
DA:19,2
DA:20,2
DA:33,1
DA:39,1
DA:48,1
DA:49,3
DA:50,1
DA:53,2
DA:55,2
DA:56,2
DA:57,2
DA:61,2
DA:63,2
DA:65,2
DA:66,0
DA:70,2
DA:71,0
DA:72,2
DA:73,0
DA:74,2
DA:76,0
DA:77,2
DA:79,0
DA:84,2
DA:85,2
DA:86,2
DA:90,2
DA:93,0
DA:94,0
DA:95,0
DA:98,0
DA:101,2
DA:102,0
DA:103,0
DA:104,0
DA:109,2
DA:110,2
DA:112,2
DA:114,2
DA:115,0
DA:116,0
DA:119,0
DA:120,0
DA:121,0
DA:125,2
DA:126,0
DA:127,0
DA:130,2
DA:131,1
DA:139,1
DA:149,1
DA:150,1
DA:151,1
DA:152,1
DA:153,1
DA:155,1
DA:156,1
DA:157,1
DA:159,1
DA:160,1
DA:161,1
DA:163,1
DA:164,1
DA:167,0
DA:169,1
DA:182,1
DA:183,2
DA:184,2
DA:185,2
DA:187,2
DA:188,2
DA:191,0
DA:194,2
DA:196,2
DA:197,2
DA:198,2
DA:199,2
DA:201,0
DA:204,2
DA:205,2
DA:206,2
DA:207,2
DA:218,1
DA:219,1
DA:220,1
DA:221,1
DA:233,1
DA:234,0
DA:235,0
DA:236,0
DA:237,0
DA:239,0
DA:241,0
DA:242,0
DA:243,0
DA:244,0
DA:245,0
DA:249,1
LF:104
LH:72
BRDA:20,1,0,2
BRDA:20,1,1,2
BRDA:20,2,0,1
BRDA:20,2,1,1
BRDA:49,3,0,1
BRDA:49,3,1,2
BRDA:55,4,0,2
BRDA:55,4,1,1
BRDA:57,5,0,2
BRDA:57,5,1,0
BRDA:63,6,0,2
BRDA:63,6,1,2
BRDA:65,7,0,0
BRDA:65,7,1,2
BRDA:70,8,0,0
BRDA:70,8,1,2
BRDA:72,9,0,0
BRDA:72,9,1,2
BRDA:74,10,0,0
BRDA:74,10,1,2
BRDA:77,11,0,0
BRDA:77,11,1,2
BRDA:81,12,0,0
BRDA:81,12,1,0
BRDA:90,13,0,0
BRDA:90,13,1,2
BRDA:93,14,0,0
BRDA:93,14,1,0
BRDA:101,15,0,0
BRDA:101,15,1,2
BRDA:103,16,0,0
BRDA:103,16,1,0
BRDA:112,17,0,0
BRDA:112,17,1,2
BRDA:114,18,0,0
BRDA:114,18,1,2
BRDA:115,19,0,0
BRDA:115,19,1,0
BRDA:152,20,0,0
BRDA:152,20,1,1
BRDA:156,21,0,0
BRDA:156,21,1,1
BRDA:157,22,0,0
BRDA:157,22,1,1
BRDA:185,23,0,0
BRDA:185,23,1,2
BRDA:196,24,0,2
BRDA:196,24,1,0
BRDA:205,25,0,0
BRDA:205,25,1,2
BRDA:236,26,0,0
BRDA:236,26,1,0
BRDA:237,27,0,0
BRDA:237,27,1,0
BRDA:243,28,0,0
BRDA:243,28,1,0
BRF:56
BRH:26
end_of_record
